PhotoGallery(31)/app/build/outputs/logs/manifest-merger-debug-report.txt
-- Merging decision tree log ---
manifest
ADDED from src\main\AndroidManifest.xml:1:1-54:12
	package
		ADDED from src\main\AndroidManifest.xml:2:3-50
		INJECTED from src\main\AndroidManifest.xml
		INJECTED from src\main\AndroidManifest.xml
	android:versionName
		ADDED from src\main\AndroidManifest.xml:4:3-28
	android:versionCode
		ADDED from src\main\AndroidManifest.xml:3:3-26
		INJECTED from src\main\AndroidManifest.xml
		INJECTED from src\main\AndroidManifest.xml
	xmlns:android
		ADDED from src\main\AndroidManifest.xml:1:11-69
uses-sdk
ADDED from src\main\AndroidManifest.xml:6:3-8:37
	android:targetSdkVersion
		ADDED from src\main\AndroidManifest.xml:8:5-34
		INJECTED from src\main\AndroidManifest.xml
		INJECTED from src\main\AndroidManifest.xml
	android:minSdkVersion
		ADDED from src\main\AndroidManifest.xml:7:5-30
		INJECTED from src\main\AndroidManifest.xml
		INJECTED from src\main\AndroidManifest.xml
permission#com.bignerdranch.android.photogallery.PRIVATE
ADDED from src\main\AndroidManifest.xml:11:3-12:43
	android:protectionLevel
		ADDED from src\main\AndroidManifest.xml:12:5-40
	android:name
		ADDED from src\main\AndroidManifest.xml:11:15-75
uses-permission#android.permission.INTERNET
ADDED from src\main\AndroidManifest.xml:14:3-65
	android:name
		ADDED from src\main\AndroidManifest.xml:14:20-62
uses-permission#android.permission.ACCESS_NETWORK_STATE
ADDED from src\main\AndroidManifest.xml:15:3-77
	android:name
		ADDED from src\main\AndroidManifest.xml:15:20-74
uses-permission#android.permission.RECEIVE_BOOT_COMPLETED
ADDED from src\main\AndroidManifest.xml:17:3-79
	android:name
		ADDED from src\main\AndroidManifest.xml:17:20-76
uses-permission#com.bignerdranch.android.photogallery.PRIVATE
ADDED from src\main\AndroidManifest.xml:19:3-83
	android:name
		ADDED from src\main\AndroidManifest.xml:19:20-80
application
ADDED from src\main\AndroidManifest.xml:21:3-52:17
	android:label
		ADDED from src\main\AndroidManifest.xml:23:5-37
	android:icon
		ADDED from src\main\AndroidManifest.xml:22:5-41
	android:theme
		ADDED from src\main\AndroidManifest.xml:24:5-36
activity#com.bignerdranch.android.photogallery.PhotoGalleryActivity
ADDED from src\main\AndroidManifest.xml:25:5-39:16
	android:label
		ADDED from src\main\AndroidManifest.xml:28:7-59
	android:launchMode
		ADDED from src\main\AndroidManifest.xml:27:7-37
	android:name
		ADDED from src\main\AndroidManifest.xml:26:7-43
intent-filter#android.intent.action.MAIN+android.intent.category.LAUNCHER
ADDED from src\main\AndroidManifest.xml:29:7-33:23
action#android.intent.action.MAIN
ADDED from src\main\AndroidManifest.xml:30:9-61
	android:name
		ADDED from src\main\AndroidManifest.xml:30:17-58
category#android.intent.category.LAUNCHER
ADDED from src\main\AndroidManifest.xml:32:9-69
	android:name
		ADDED from src\main\AndroidManifest.xml:32:19-66
intent-filter#android.intent.action.SEARCH
ADDED from src\main\AndroidManifest.xml:34:7-36:23
action#android.intent.action.SEARCH
ADDED from src\main\AndroidManifest.xml:35:9-63
	android:name
		ADDED from src\main\AndroidManifest.xml:35:17-60
meta-data#android.app.searchable
ADDED from src\main\AndroidManifest.xml:37:7-38:45
	android:resource
		ADDED from src\main\AndroidManifest.xml:38:9-43
	android:name
		ADDED from src\main\AndroidManifest.xml:37:18-55
activity#com.bignerdranch.android.photogallery.PhotoPageActivity
ADDED from src\main\AndroidManifest.xml:40:5-42:73
	android:configChanges
		ADDED from src\main\AndroidManifest.xml:42:9-70
	android:name
		ADDED from src\main\AndroidManifest.xml:41:9-42
service#com.bignerdranch.android.photogallery.PollService
ADDED from src\main\AndroidManifest.xml:44:5-44
	android:name
		ADDED from src\main\AndroidManifest.xml:44:14-41
receiver#com.bignerdranch.android.photogallery.StartupReceiver
ADDED from src\main\AndroidManifest.xml:46:5-51:16
	android:name
		ADDED from src\main\AndroidManifest.xml:46:15-46
intent-filter#android.intent.action.BOOT_COMPLETED
ADDED from src\main\AndroidManifest.xml:47:9-50:25
action#android.intent.action.BOOT_COMPLETED
ADDED from src\main\AndroidManifest.xml:49:13-75
	android:name
		ADDED from src\main\AndroidManifest.xml:49:21-72